# JRE version: OpenJDK Runtime Environment (21.0.8) (build 21.0.8+-14018985-b1038.68)
# Java VM: OpenJDK 64-Bit Server VM (21.0.8+-14018985-b1038.68, mixed mode, tiered, compressed oops, compressed class ptrs, g1 gc, windows-amd64)
GC Precious Log:
 CardTable entry size: 512
 Card Set container configuration: InlinePtr #cards 5 size 8 Array Of Cards #cards 12 size 40 Howl #buckets 4 coarsen threshold 1843 Howl Bitmap #cards 512 size 80 coarsen threshold 460 Card regions per heap region 1 cards per card region 2048
 CPUs: 16 total, 16 available
 Memory: 16068M
 Large Page Support: Disabled
 NUMA Support: Disabled
 Compressed Oops: Enabled (32-bit)
 Heap Region Size: 1M
 Heap Min Capacity: 8M
 Heap Initial Capacity: 252M
 Heap Max Capacity: 2G
 Pre-touch: Disabled
 Parallel Workers: 13
 Concurrent Workers: 3
 Concurrent Refinement Workers: 13
 Periodic GC: Disabled
Heap:
 garbage-first heap   total 388096K, used 249929K [0x0000000080000000, 0x0000000100000000)
  region size 1024K, 25 young (25600K), 17 survivors (17408K)
 Metaspace       used 141117K, committed 143680K, reserved 1179648K
  class space    used 19319K, committed 20608K, reserved 1048576K
GC Heap History (20 events):
Event: 13.568 GC heap before
{Heap before GC invocations=43 (full 0):
 garbage-first heap   total 288768K, used 267100K [0x0000000080000000, 0x0000000100000000)
  region size 1024K, 87 young (89088K), 5 survivors (5120K)
 Metaspace       used 129136K, committed 131456K, reserved 1179648K
  class space    used 17819K, committed 18944K, reserved 1048576K
}
Event: 13.573 GC heap after
{Heap after GC invocations=44 (full 0):
 garbage-first heap   total 288768K, used 187921K [0x0000000080000000, 0x0000000100000000)
  region size 1024K, 9 young (9216K), 9 survivors (9216K)
 Metaspace       used 129136K, committed 131456K, reserved 1179648K
  class space    used 17819K, committed 18944K, reserved 1048576K
}
Event: 14.366 GC heap before
{Heap before GC invocations=45 (full 0):
 garbage-first heap   total 314368K, used 261649K [0x0000000080000000, 0x0000000100000000)
  region size 1024K, 82 young (83968K), 9 survivors (9216K)
 Metaspace       used 133835K, committed 136256K, reserved 1179648K
  class space    used 18353K, committed 19520K, reserved 1048576K
}
Event: 14.373 GC heap after
{Heap after GC invocations=46 (full 0):
 garbage-first heap   total 314368K, used 195373K [0x0000000080000000, 0x0000000100000000)
  region size 1024K, 8 young (8192K), 8 survivors (8192K)
 Metaspace       used 133835K, committed 136256K, reserved 1179648K
  class space    used 18353K, committed 19520K, reserved 1048576K
}
Event: 21.791 GC heap before
{Heap before GC invocations=46 (full 0):
 garbage-first heap   total 314368K, used 289581K [0x0000000080000000, 0x0000000100000000)
  region size 1024K, 100 young (102400K), 8 survivors (8192K)
 Metaspace       used 135725K, committed 138176K, reserved 1179648K
  class space    used 18650K, committed 19840K, reserved 1048576K
}
Event: 21.800 GC heap after
{Heap after GC invocations=47 (full 0):
 garbage-first heap   total 314368K, used 203250K [0x0000000080000000, 0x0000000100000000)
  region size 1024K, 10 young (10240K), 10 survivors (10240K)
 Metaspace       used 135725K, committed 138176K, reserved 1179648K
  class space    used 18650K, committed 19840K, reserved 1048576K
}
Event: 22.863 GC heap before
{Heap before GC invocations=47 (full 0):
 garbage-first heap   total 314368K, used 286194K [0x0000000080000000, 0x0000000100000000)
  region size 1024K, 92 young (94208K), 10 survivors (10240K)
 Metaspace       used 138356K, committed 140864K, reserved 1179648K
  class space    used 18972K, committed 20224K, reserved 1048576K
}
Event: 22.872 GC heap after
{Heap after GC invocations=48 (full 0):
 garbage-first heap   total 314368K, used 212882K [0x0000000080000000, 0x0000000100000000)
  region size 1024K, 10 young (10240K), 10 survivors (10240K)
 Metaspace       used 138356K, committed 140864K, reserved 1179648K
  class space    used 18972K, committed 20224K, reserved 1048576K
}
Event: 24.109 GC heap before
{Heap before GC invocations=49 (full 0):
 garbage-first heap   total 357376K, used 284562K [0x0000000080000000, 0x0000000100000000)
  region size 1024K, 80 young (81920K), 10 survivors (10240K)
 Metaspace       used 139028K, committed 141632K, reserved 1179648K
  class space    used 19085K, committed 20352K, reserved 1048576K
}
Event: 24.120 GC heap after
{Heap after GC invocations=50 (full 0):
 garbage-first heap   total 357376K, used 225066K [0x0000000080000000, 0x0000000100000000)
  region size 1024K, 10 young (10240K), 10 survivors (10240K)
 Metaspace       used 139028K, committed 141632K, reserved 1179648K
  class space    used 19085K, committed 20352K, reserved 1048576K
}
Event: 25.077 GC heap before
{Heap before GC invocations=50 (full 0):
 garbage-first heap   total 357376K, used 321322K [0x0000000080000000, 0x0000000100000000)
  region size 1024K, 105 young (107520K), 10 survivors (10240K)
 Metaspace       used 139521K, committed 142016K, reserved 1179648K
  class space    used 19184K, committed 20416K, reserved 1048576K
}
Event: 25.089 GC heap after
{Heap after GC invocations=51 (full 0):
 garbage-first heap   total 357376K, used 228382K [0x0000000080000000, 0x0000000100000000)
  region size 1024K, 7 young (7168K), 7 survivors (7168K)
 Metaspace       used 139521K, committed 142016K, reserved 1179648K
  class space    used 19184K, committed 20416K, reserved 1048576K
}
Event: 25.871 GC heap before
{Heap before GC invocations=51 (full 0):
 garbage-first heap   total 357376K, used 325662K [0x0000000080000000, 0x0000000100000000)
  region size 1024K, 103 young (105472K), 7 survivors (7168K)
 Metaspace       used 139590K, committed 142144K, reserved 1179648K
  class space    used 19193K, committed 20480K, reserved 1048576K
}
Event: 25.880 GC heap after
{Heap after GC invocations=52 (full 0):
 garbage-first heap   total 357376K, used 231609K [0x0000000080000000, 0x0000000100000000)
  region size 1024K, 10 young (10240K), 10 survivors (10240K)
 Metaspace       used 139590K, committed 142144K, reserved 1179648K
  class space    used 19193K, committed 20480K, reserved 1048576K
}
Event: 26.760 GC heap before
{Heap before GC invocations=53 (full 0):
 garbage-first heap   total 388096K, used 324793K [0x0000000080000000, 0x0000000100000000)
  region size 1024K, 102 young (104448K), 10 survivors (10240K)
 Metaspace       used 139809K, committed 142336K, reserved 1179648K
  class space    used 19217K, committed 20480K, reserved 1048576K
}
Event: 26.770 GC heap after
{Heap after GC invocations=54 (full 0):
 garbage-first heap   total 388096K, used 236096K [0x0000000080000000, 0x0000000100000000)
  region size 1024K, 10 young (10240K), 10 survivors (10240K)
 Metaspace       used 139809K, committed 142336K, reserved 1179648K
  class space    used 19217K, committed 20480K, reserved 1048576K
}
Event: 27.350 GC heap before
{Heap before GC invocations=54 (full 0):
 garbage-first heap   total 388096K, used 355904K [0x0000000080000000, 0x0000000100000000)
  region size 1024K, 128 young (131072K), 10 survivors (10240K)
 Metaspace       used 139890K, committed 142464K, reserved 1179648K
  class space    used 19223K, committed 20480K, reserved 1048576K
}
Event: 27.363 GC heap after
{Heap after GC invocations=55 (full 0):
 garbage-first heap   total 388096K, used 227217K [0x0000000080000000, 0x0000000100000000)
  region size 1024K, 11 young (11264K), 11 survivors (11264K)
 Metaspace       used 139890K, committed 142464K, reserved 1179648K
  class space    used 19223K, committed 20480K, reserved 1048576K
}
Event: 436.982 GC heap before
{Heap before GC invocations=55 (full 0):
 garbage-first heap   total 388096K, used 354193K [0x0000000080000000, 0x0000000100000000)
  region size 1024K, 136 young (139264K), 11 survivors (11264K)
 Metaspace       used 140759K, committed 143360K, reserved 1179648K
  class space    used 19311K, committed 20608K, reserved 1048576K
}
Event: 437.109 GC heap after
{Heap after GC invocations=56 (full 0):
 garbage-first heap   total 388096K, used 231735K [0x0000000080000000, 0x0000000100000000)
  region size 1024K, 10 young (10240K), 10 survivors (10240K)
 Metaspace       used 140759K, committed 143360K, reserved 1179648K
  class space    used 19311K, committed 20608K, reserved 1048576K
}

